\BOOKMARK [1][]{section.0.1}{\376\377\0001\000\040\000I\000n\000t\000r\000o\000d\000u\000c\000t\000i\000o\000n}{}% 1
\BOOKMARK [2][]{subsection.0.1.1}{\376\377\0001\000.\0001\000\040\000P\000r\000o\000b\000l\000e\000m\000\040\000B\000a\000c\000k\000g\000r\000o\000u\000n\000d}{section.0.1}% 2
\BOOKMARK [2][]{subsection.0.1.2}{\376\377\0001\000.\0002\000\040\000R\000e\000s\000t\000a\000t\000e\000m\000e\000n\000t\000\040\000o\000f\000\040\000t\000h\000e\000\040\000P\000r\000o\000b\000l\000e\000m\000s}{section.0.1}% 3
\BOOKMARK [2][]{subsection.0.1.3}{\376\377\0001\000.\0003\000\040\000O\000v\000e\000r\000v\000i\000e\000w\000\040\000o\000f\000\040\000O\000u\000r\000\040\000w\000o\000r\000k}{section.0.1}% 4
\BOOKMARK [1][]{section.0.2}{\376\377\0002\000\040\000A\000s\000s\000u\000m\000p\000t\000i\000o\000n\000s\000\040\000a\000n\000d\000\040\000J\000u\000s\000t\000i\000f\000i\000c\000a\000t\000i\000o\000n}{}% 5
\BOOKMARK [1][]{section.0.3}{\376\377\0003\000\040\000N\000o\000t\000a\000t\000i\000o\000n\000s}{}% 6
\BOOKMARK [1][]{section.0.4}{\376\377\0004\000\040\000M\000o\000d\000e\000l\000\040\0001\000:\000\040\000S\000e\000x\000\040\000R\000a\000t\000i\000o\000\040\000R\000e\000s\000o\000u\000r\000c\000e\000\040\000C\000o\000n\000s\000u\000m\000p\000t\000i\000o\000n\000\040\000M\000o\000d\000e\000l}{}% 7
\BOOKMARK [2][]{subsection.0.4.1}{\376\377\0004\000.\0001\000\040\000D\000e\000s\000c\000r\000i\000p\000t\000i\000o\000n\000\040\000o\000f\000\040\000L\000a\000m\000p\000r\000e\000y\000s\000\040\000a\000n\000d\000\040\000t\000h\000e\000\040\000E\000c\000o\000s\000y\000s\000t\000e\000m\000s}{section.0.4}% 8
\BOOKMARK [2][]{subsection.0.4.2}{\376\377\0004\000.\0002\000\040\000D\000e\000r\000i\000v\000a\000t\000i\000o\000n\000\040\000a\000n\000d\000\040\000M\000o\000d\000e\000l\000i\000n\000g\000\040\000t\000h\000e\000\040\000M\000o\000d\000e\000l}{section.0.4}% 9
\BOOKMARK [2][]{subsection.0.4.3}{\376\377\0004\000.\0003\000\040\000A\000n\000a\000l\000y\000s\000i\000s\000\040\000o\000f\000\040\000t\000h\000e\000\040\000R\000e\000s\000u\000l\000t}{section.0.4}% 10
\BOOKMARK [1][]{section.0.5}{\376\377\0005\000\040\000M\000o\000d\000e\000l\000\040\0002\000:\000\040\000S\000e\000x\000\040\000R\000a\000t\000i\000o\000\040\000R\000e\000s\000o\000u\000r\000c\000e\000\040\000C\000o\000n\000s\000u\000m\000p\000t\000i\000o\000n\000\040\000w\000i\000t\000h\000\040\000P\000r\000e\000y\000\040\000M\000o\000d\000e\000l}{}% 11
\BOOKMARK [2][]{subsection.0.5.1}{\376\377\0005\000.\0001\000\040\000D\000e\000s\000c\000r\000i\000p\000t\000i\000o\000n\000\040\000o\000f\000\040\000a\000\040\000P\000r\000e\000d\000a\000t\000o\000r\000-\000p\000r\000e\000y\000\040\000C\000h\000a\000i\000n}{section.0.5}% 12
\BOOKMARK [2][]{subsection.0.5.2}{\376\377\0005\000.\0002\000\040\000A\000n\000a\000l\000y\000s\000i\000s\000\040\000o\000f\000\040\000t\000h\000e\000\040\000R\000e\000s\000u\000l\000t}{section.0.5}% 13
\BOOKMARK [1][]{section.0.6}{\376\377\0006\000\040\000M\000o\000d\000e\000l\000\040\0003\000:\000\040\000S\000e\000x\000\040\000R\000a\000t\000i\000o\000\040\000E\000n\000v\000i\000r\000o\000n\000m\000e\000n\000t\000a\000l\000\040\000S\000t\000a\000b\000i\000l\000i\000t\000y\000\040\000M\000o\000d\000e\000l\000\040\000w\000i\000t\000h\000\040\000L\000y\000a\000p\000u\000n\000o\000v\000\040\000E\000x\000p\000o\000n\000e\000n\000t}{}% 14
\BOOKMARK [2][]{subsection.0.6.1}{\376\377\0006\000.\0001\000\040\000I\000n\000t\000r\000o\000d\000u\000c\000i\000n\000g\000\040\000L\000y\000a\000p\000u\000n\000o\000v\000\040\000E\000x\000p\000o\000n\000e\000n\000t\000\040\000a\000n\000d\000\040\000C\000o\000m\000p\000e\000t\000i\000t\000o\000r\000s\000\040\000i\000n\000t\000o\000\040\000t\000h\000e\000\040\000S\000y\000s\000t\000e\000m}{section.0.6}% 15
\BOOKMARK [2][]{subsection.0.6.2}{\376\377\0006\000.\0002\000\040\000A\000n\000a\000l\000y\000s\000i\000s\000\040\000o\000f\000\040\000t\000h\000e\000\040\000R\000e\000s\000u\000l\000t}{section.0.6}% 16
\BOOKMARK [1][]{section.0.7}{\376\377\0007\000\040\000M\000o\000d\000e\000l\000\040\0004\000:\000\040\000P\000o\000p\000u\000l\000a\000t\000i\000o\000n\000\040\000I\000n\000t\000e\000r\000a\000c\000t\000i\000o\000n\000\040\000w\000i\000t\000h\000\040\000S\000e\000x\000\040\000R\000a\000t\000i\000o\000s\000\040\000M\000o\000d\000e\000l}{}% 17
\BOOKMARK [2][]{subsection.0.7.1}{\376\377\0007\000.\0001\000\040\000D\000e\000s\000c\000r\000i\000p\000t\000i\000o\000n\000\040\000o\000f\000\040\000t\000h\000e\000\040\000T\000r\000a\000n\000s\000f\000o\000r\000m\000a\000t\000i\000o\000n\000\040\000F\000r\000o\000m\000\040\000C\000o\000n\000t\000i\000n\000u\000o\000u\000s\000\040\000F\000o\000o\000d\000\040\000W\000e\000b\000\040\000M\000o\000d\000e\000l\000\040\000t\000o\000\040\000D\000i\000s\000c\000r\000e\000t\000e\000\040\000O\000n\000e}{section.0.7}% 18
\BOOKMARK [2][]{subsection.0.7.2}{\376\377\0007\000.\0002\000\040\000A\000n\000a\000l\000y\000s\000i\000s\000\040\000o\000f\000\040\000t\000h\000e\000\040\000R\000e\000s\000u\000l\000t}{section.0.7}% 19
\BOOKMARK [1][]{section.0.8}{\376\377\0008\000\040\000T\000e\000s\000t\000\040\000t\000h\000e\000\040\000M\000o\000d\000e\000l}{}% 20
\BOOKMARK [2][]{subsection.0.8.1}{\376\377\0008\000.\0001\000\040\000S\000t\000a\000b\000i\000l\000i\000t\000y\000\040\000A\000n\000a\000l\000y\000s\000i\000s}{section.0.8}% 21
\BOOKMARK [2][]{subsection.0.8.2}{\376\377\0008\000.\0002\000\040\000S\000e\000n\000s\000i\000t\000i\000v\000i\000t\000y\000\040\000A\000n\000a\000l\000y\000s\000i\000s}{section.0.8}% 22
\BOOKMARK [1][]{section.0.9}{\376\377\0009\000\040\000M\000o\000d\000e\000l\000\040\000C\000o\000n\000c\000l\000u\000s\000i\000o\000n\000\040}{}% 23
\BOOKMARK [2][]{subsection.0.9.1}{\376\377\0009\000.\0001\000\040\000S\000u\000m\000m\000a\000r\000y\000\040\000o\000f\000\040\000R\000e\000s\000u\000l\000t\000s}{section.0.9}% 24
\BOOKMARK [3][]{subsubsection.0.9.1.1}{\376\377\0009\000.\0001\000.\0001\000\040\000S\000u\000m\000m\000a\000r\000y\000\040\000f\000o\000r\000\040\000M\000o\000d\000e\000l\000\040\0001}{subsection.0.9.1}% 25
\BOOKMARK [3][]{subsubsection.0.9.1.2}{\376\377\0009\000.\0001\000.\0002\000\040\000S\000u\000m\000m\000a\000r\000y\000\040\000f\000o\000r\000\040\000M\000o\000d\000e\000l\000\040\0002}{subsection.0.9.1}% 26
\BOOKMARK [3][]{subsubsection.0.9.1.3}{\376\377\0009\000.\0001\000.\0003\000\040\000S\000u\000m\000m\000a\000r\000y\000\040\000f\000o\000r\000\040\000M\000o\000d\000e\000l\000\040\0003}{subsection.0.9.1}% 27
\BOOKMARK [3][]{subsubsection.0.9.1.4}{\376\377\0009\000.\0001\000.\0004\000\040\000S\000u\000m\000m\000a\000r\000y\000\040\000f\000o\000r\000\040\000M\000o\000d\000e\000l\000\040\0004}{subsection.0.9.1}% 28
\BOOKMARK [2][]{subsection.0.9.2}{\376\377\0009\000.\0002\000\040\000S\000t\000r\000e\000n\000g\000t\000h\000s\000\040\000a\000n\000d\000\040\000P\000o\000s\000s\000i\000b\000l\000e\000\040\000I\000m\000p\000r\000o\000v\000e\000m\000e\000n\000t\000s}{section.0.9}% 29
\BOOKMARK [3][]{subsubsection.0.9.2.1}{\376\377\0009\000.\0002\000.\0001\000\040\000S\000t\000r\000e\000n\000g\000t\000h\000s}{subsection.0.9.2}% 30
\BOOKMARK [3][]{subsubsection.0.9.2.2}{\376\377\0009\000.\0002\000.\0002\000\040\000P\000o\000s\000s\000i\000b\000l\000e\000\040\000I\000m\000p\000r\000o\000v\000e\000m\000e\000n\000t\000s}{subsection.0.9.2}% 31
\BOOKMARK [1][]{section.0.10}{\376\377\000R\000e\000f\000e\000r\000e\000n\000c\000e\000s}{}% 32
\BOOKMARK [1][]{section*.21}{\376\377\000A\000p\000p\000e\000n\000d\000i\000x\000:\000\040\000S\000o\000u\000r\000c\000e\000\040\000C\000o\000d\000e\000\040\000o\000n\000\040\000t\000h\000e\000\040\000M\000o\000d\000e\000l}{}% 33
